#
# A fatal error has been detected by the Java Runtime Environment:
#
#  EXCEPTION_ACCESS_VIOLATION (0xc0000005) at pc=0x74c2c585, pid=3496, tid=9448
#
# JRE version: 6.0_17-b04
# Java VM: Java HotSpot(TM) Client VM (14.3-b01 mixed mode windows-x86 )
# Problematic frame:
# V  [jvm.dll+0xfc585]
#
# If you would like to submit a bug report, please visit:
#   http://java.sun.com/webapps/bugreport/crash.jsp
#

---------------  T H R E A D  ---------------

Current thread (0x1ecdc000):  JavaThread "Code Analyzer updating thread" [_thread_in_vm, id=9448, stack(0x2b400000,0x2b480000)]

siginfo: ExceptionCode=0xc0000005, reading address 0x00000000

Registers:
EAX=0x00000000, EBX=0x1ecdc110, ECX=0x1ecdc000, EDX=0x74d467a4
ESP=0x2b47ef94, EBP=0x2b47efdc, ESI=0x1ecdc000, EDI=0x00000000
EIP=0x74c2c585, EFLAGS=0x00010246

Top of Stack: (sp=0x2b47ef94)
0x2b47ef94:   28c80048 1ecdc110 73f02fba 2b47f038
0x2b47efa4:   74d1dff0 74d1f2f0 ffffffff 2b47efc0
0x2b47efb4:   74b310e0 1ecdc000 2b47fa54 2b47eff0
0x2b47efc4:   74c2f5b9 1ecdc000 1ecdc000 0e737fd4
0x2b47efd4:   000004bb 74d467a4 2b47eff4 73f010fd
0x2b47efe4:   1ecdc110 28c80048 00000000 2b47f008
0x2b47eff4:   2b47f878 73f02fea 1ecdc110 28c80048
0x2b47f004:   00000000 73352dc7 2b47f86c 2b47f2a8 

Instructions: (pc=0x74c2c585)
0x74c2c575:   00 00 00 74 08 8d 4d f0 e8 3e 24 08 00 8b 7d 10
0x74c2c585:   8b 07 c7 45 e0 0c 00 00 00 8b 48 08 0f b7 51 26 


Stack: [0x2b400000,0x2b480000],  sp=0x2b47ef94,  free space=507k
Native frames: (J=compiled Java code, j=interpreted, Vv=VM code, C=native code)
V  [jvm.dll+0xfc585]
C  0x73f010fd
C  0x73f02fea
j  com.mathworks.widgets.text.mcode.MLint.nativeGetMessages(Ljava/lang/String;Ljava/lang/String;)Ljava/util/List;+0
j  com.mathworks.widgets.text.mcode.MLint.getMessages(Ljava/lang/String;Ljava/lang/String;Lcom/mathworks/widgets/text/mcode/MLintConfiguration;Z)Ljava/util/List;+67
j  com.mathworks.widgets.text.mcode.analyzer.CodeAnalyzerThread.doMLint()V+95
j  com.mathworks.widgets.text.mcode.analyzer.CodeAnalyzerThread.access$400(Lcom/mathworks/widgets/text/mcode/analyzer/CodeAnalyzerThread;)V+1
j  com.mathworks.widgets.text.mcode.analyzer.CodeAnalyzerThread$MLintRunnable.run()V+14
j  java.lang.Thread.run()V+11
v  ~StubRoutines::call_stub
V  [jvm.dll+0xecf9c]
V  [jvm.dll+0x1741d1]
V  [jvm.dll+0xed167]
V  [jvm.dll+0xed1dd]
V  [jvm.dll+0x116290]
V  [jvm.dll+0x1d0414]
V  [jvm.dll+0x173e4c]
C  0x7d919565
C  [kernel32.dll+0x4ed5c]
C  [ntdll.dll+0x637eb]
C  [ntdll.dll+0x637be]

Java frames: (J=compiled Java code, j=interpreted, Vv=VM code)
j  com.mathworks.widgets.text.mcode.MLint.nativeGetMessages(Ljava/lang/String;Ljava/lang/String;)Ljava/util/List;+0
j  com.mathworks.widgets.text.mcode.MLint.getMessages(Ljava/lang/String;Ljava/lang/String;Lcom/mathworks/widgets/text/mcode/MLintConfiguration;Z)Ljava/util/List;+67
j  com.mathworks.widgets.text.mcode.analyzer.CodeAnalyzerThread.doMLint()V+95
j  com.mathworks.widgets.text.mcode.analyzer.CodeAnalyzerThread.access$400(Lcom/mathworks/widgets/text/mcode/analyzer/CodeAnalyzerThread;)V+1
j  com.mathworks.widgets.text.mcode.analyzer.CodeAnalyzerThread$MLintRunnable.run()V+14
j  java.lang.Thread.run()V+11
v  ~StubRoutines::call_stub

---------------  P R O C E S S  ---------------

Java Threads: ( => current thread )
  0x1e7b7000 JavaThread "FileDecorationCache request queue" daemon [_thread_blocked, id=8244, stack(0x2e4e0000,0x2e560000)]
  0x1e61f800 JavaThread "Code Analyzer updating thread" [_thread_blocked, id=7864, stack(0x2e330000,0x2e3b0000)]
  0x1ecda800 JavaThread "Code Analyzer updating thread" [_thread_blocked, id=7108, stack(0x2e080000,0x2e100000)]
  0x1ecdc800 JavaThread "Code Analyzer updating thread" [_thread_blocked, id=9348, stack(0x2e100000,0x2e180000)]
  0x1ecda400 JavaThread "Code Analyzer updating thread" [_thread_blocked, id=4616, stack(0x2e000000,0x2e080000)]
  0x1e61ec00 JavaThread "Code Analyzer updating thread" [_thread_blocked, id=8884, stack(0x2e180000,0x2e200000)]
=>0x1ecdc000 JavaThread "Code Analyzer updating thread" [_thread_in_vm, id=9448, stack(0x2b400000,0x2b480000)]
  0x1e621800 JavaThread "Explorer NavigationContext request queue" daemon [_thread_blocked, id=7676, stack(0x22b40000,0x22bc0000)]
  0x1ecddc00 JavaThread "Code Analyzer updating thread" [_thread_blocked, id=9272, stack(0x23260000,0x232e0000)]
  0x1e620000 JavaThread "Code Analyzer updating thread" [_thread_blocked, id=8744, stack(0x22fe0000,0x23060000)]
  0x1e621000 JavaThread "Thread-3546" [_thread_blocked, id=7616, stack(0x23520000,0x235a0000)]
  0x1ecdb400 JavaThread "Code Analyzer updating thread" [_thread_blocked, id=6524, stack(0x2de20000,0x2dea0000)]
  0x1e7b5800 JavaThread "Prefs Updater" daemon [_thread_blocked, id=5760, stack(0x1ffb0000,0x20030000)]
  0x1e7b8800 JavaThread "Foxtrot Single Worker Thread #1" daemon [_thread_blocked, id=6184, stack(0x20030000,0x200b0000)]
  0x1e7b8400 JavaThread "pool-1-thread-1" [_thread_blocked, id=4764, stack(0x1fe20000,0x1fea0000)]
  0x1e7b6c00 JavaThread "XPCOMThread" [_thread_in_native, id=7604, stack(0x29830000,0x2a030000)]
  0x1e7b7800 JavaThread "Browser Events Thread" daemon [_thread_blocked, id=3812, stack(0x20cc0000,0x20d40000)]
  0x1e7b6400 JavaThread "com.jniwrapper.NativeResourceCollector" daemon [_thread_blocked, id=7952, stack(0x1f470000,0x1f4f0000)]
  0x1e7b5000 JavaThread "XPCOM" daemon [_thread_in_native, id=7792, stack(0x1f260000,0x1f2e0000)]
  0x1e7b7c00 JavaThread "pool-2-thread-1" [_thread_blocked, id=3444, stack(0x207c0000,0x20840000)]
  0x1ecdd400 JavaThread "Swing-Shell" daemon [_thread_blocked, id=7464, stack(0x24660000,0x246e0000)]
  0x1ecdbc00 JavaThread "Code Analyzer updating thread" [_thread_blocked, id=2872, stack(0x232e0000,0x23360000)]
  0x1ecdb000 JavaThread "Code Analyzer updating thread" [_thread_blocked, id=5664, stack(0x230e0000,0x23160000)]
  0x1e623c00 JavaThread "Active Reference Queue Daemon" daemon [_thread_blocked, id=5088, stack(0x22d80000,0x22e00000)]
  0x1e623800 JavaThread "Timer-1" daemon [_thread_blocked, id=6640, stack(0x22d00000,0x22d80000)]
  0x1e623000 JavaThread "ClipboardMonitor Timer" daemon [_thread_blocked, id=2088, stack(0x22c80000,0x22d00000)]
  0x1e620c00 JavaThread "AddressBar directory emptiness poller" daemon [_thread_blocked, id=2108, stack(0x22a40000,0x22ac0000)]
  0x1e61c800 JavaThread "Explorer Refresh Service 14197029" daemon [_thread_blocked, id=7160, stack(0x229c0000,0x22a40000)]
  0x1e620400 JavaThread "Thread-4" daemon [_thread_blocked, id=1304, stack(0x20f60000,0x20fe0000)]
  0x1e61f400 JavaThread "TimerQueue" daemon [_thread_blocked, id=1700, stack(0x20c40000,0x20cc0000)]
  0x1e61e800 JavaThread "Thread-3" daemon [_thread_blocked, id=6648, stack(0x0ff10000,0x0ff90000)]
  0x1e61e000 JavaThread "AWT-EventQueue-0" [_thread_blocked, id=3848, stack(0x0fd60000,0x0fde0000)]
  0x1e61dc00 JavaThread "AWT-Shutdown" [_thread_blocked, id=8092, stack(0x0fb60000,0x0fbe0000)]
  0x1e61d400 JavaThread "FelixPackageAdmin" daemon [_thread_blocked, id=2184, stack(0x1f0e0000,0x1f160000)]
  0x1e61d000 JavaThread "FelixStartLevel" daemon [_thread_blocked, id=7884, stack(0x1f060000,0x1f0e0000)]
  0x1e61c400 JavaThread "FelixDispatchQueue" daemon [_thread_blocked, id=4184, stack(0x1efe0000,0x1f060000)]
  0x1e4cf400 JavaThread "com.google.common.base.internal.Finalizer" daemon [_thread_blocked, id=7744, stack(0x0fce0000,0x0fd60000)]
  0x1e4ce000 JavaThread "AWT-Windows" daemon [_thread_in_native, id=7748, stack(0x0f9e0000,0x0fa60000)]
  0x1e4c0000 JavaThread "Java2D Disposer" daemon [_thread_blocked, id=7888, stack(0x0f8e0000,0x0f960000)]
  0x0ec86400 JavaThread "Timer-0" [_thread_blocked, id=2068, stack(0x06290000,0x06310000)]
  0x0ef78000 JavaThread "EventMgr Dispatcher" daemon [_thread_in_native, id=4116, stack(0x0f020000,0x0f820000)]
  0x05e6dc00 JavaThread "Low Memory Detector" daemon [_thread_blocked, id=7436, stack(0x06110000,0x06190000)]
  0x05e69400 JavaThread "CompilerThread0" daemon [_thread_blocked, id=3652, stack(0x0d220000,0x0da20000)]
  0x05e5e800 JavaThread "Attach Listener" daemon [_thread_blocked, id=4188, stack(0x06090000,0x06110000)]
  0x05e27000 JavaThread "Finalizer" daemon [_thread_blocked, id=8164, stack(0x06010000,0x06090000)]
  0x05e26000 JavaThread "Reference Handler" daemon [_thread_blocked, id=7400, stack(0x05f90000,0x06010000)]
  0x05da8800 JavaThread "main" [_thread_in_native, id=5552, stack(0x00430000,0x00c30000)]

Other Threads:
  0x05e21800 VMThread [stack: 0x0ca20000,0x0d220000] [id=7288]
  0x05e80400 WatcherThread [stack: 0x0da20000,0x0e220000] [id=3244]

VM state:not at safepoint (normal execution)

VM Mutex/Monitor currently owned by a thread: None

Heap
 def new generation   total 29504K, used 21381K [0x10010000, 0x12010000, 0x12010000)
  eden space 26240K,  81% used [0x10010000, 0x114f1530, 0x119b0000)
  from space 3264K,   0% used [0x119b0000, 0x119b0000, 0x11ce0000)
  to   space 3264K,   0% used [0x11ce0000, 0x11ce0000, 0x12010000)
 tenured generation   total 98304K, used 96099K [0x12010000, 0x18010000, 0x18010000)
   the space 98304K,  97% used [0x12010000, 0x17de8d40, 0x17de8e00, 0x18010000)
 compacting perm gen  total 51456K, used 51414K [0x18010000, 0x1b250000, 0x1e010000)
   the space 51456K,  99% used [0x18010000, 0x1b245a18, 0x1b245c00, 0x1b250000)
No shared spaces configured.

Dynamic libraries:
0x00400000 - 0x00425000 	C:\Program Files\MATLAB\R2013a\bin\win32\MATLAB.exe
0x77d40000 - 0x77e7c000 	C:\Windows\SYSTEM32\ntdll.dll
0x760e0000 - 0x761b4000 	C:\Windows\system32\kernel32.dll
0x75f90000 - 0x75fdb000 	C:\Windows\system32\KERNELBASE.dll
0x7ef10000 - 0x7efa1000 	C:\Program Files\MATLAB\R2013a\bin\win32\libut.dll
0x7dce0000 - 0x7dd75000 	C:\Program Files\MATLAB\R2013a\bin\win32\libmwi18n.dll
0x10000000 - 0x1000b000 	C:\Program Files\MATLAB\R2013a\bin\win32\libmwresource_core.dll
0x73b60000 - 0x73bc9000 	C:\Program Files\MATLAB\R2013a\bin\win32\MSVCP100.dll
0x73350000 - 0x7340f000 	C:\Program Files\MATLAB\R2013a\bin\win32\MSVCR100.dll
0x74dd0000 - 0x74ddc000 	C:\Program Files\MATLAB\R2013a\bin\win32\boost_date_time-vc100-mt-1_49.dll
0x73590000 - 0x735b5000 	C:\Program Files\MATLAB\R2013a\bin\win32\boost_filesystem-vc100-mt-1_49.dll
0x74de0000 - 0x74de7000 	C:\Program Files\MATLAB\R2013a\bin\win32\boost_system-vc100-mt-1_49.dll
0x776a0000 - 0x77740000 	C:\Windows\system32\ADVAPI32.dll
0x76210000 - 0x762bc000 	C:\Windows\system32\msvcrt.dll
0x766c0000 - 0x766d9000 	C:\Windows\SYSTEM32\sechost.dll
0x77bf0000 - 0x77c92000 	C:\Windows\system32\RPCRT4.dll
0x73560000 - 0x73581000 	C:\Program Files\MATLAB\R2013a\bin\win32\LIBEXPAT.dll
0x72eb0000 - 0x72ff9000 	C:\Program Files\MATLAB\R2013a\bin\win32\icuin49.dll
0x7ea10000 - 0x7eb17000 	C:\Program Files\MATLAB\R2013a\bin\win32\icuuc49.dll
0x00c30000 - 0x01d52000 	C:\Program Files\MATLAB\R2013a\bin\win32\icudt49.dll
0x73db0000 - 0x73dbd000 	C:\Program Files\MATLAB\R2013a\bin\win32\icuio49.dll
0x00270000 - 0x003c3000 	C:\Program Files\MATLAB\R2013a\bin\win32\libmwfl.dll
0x01d60000 - 0x02083000 	C:\Program Files\MATLAB\R2013a\bin\win32\libmwMATLAB_res.dll
0x73290000 - 0x73344000 	C:\Program Files\MATLAB\R2013a\bin\win32\boost_regex-vc100-mt-1_49.dll
0x76770000 - 0x76839000 	C:\Windows\system32\USER32.dll
0x761c0000 - 0x7620e000 	C:\Windows\system32\GDI32.dll
0x760d0000 - 0x760da000 	C:\Windows\system32\LPK.dll
0x77ca0000 - 0x77d3d000 	C:\Windows\system32\USP10.dll
0x73fc0000 - 0x73fce000 	C:\Program Files\MATLAB\R2013a\bin\win32\boost_signals-vc100-mt-1_49.dll
0x73b50000 - 0x73b5e000 	C:\Program Files\MATLAB\R2013a\bin\win32\boost_thread-vc100-mt-1_49.dll
0x02090000 - 0x02104000 	C:\Program Files\MATLAB\R2013a\bin\win32\boost_log-vc100-mt-1_49.dll
0x77ef0000 - 0x77ef5000 	C:\Windows\system32\PSAPI.DLL
0x77f00000 - 0x77f35000 	C:\Windows\system32\WS2_32.dll
0x762c0000 - 0x762c6000 	C:\Windows\system32\NSI.dll
0x73260000 - 0x73288000 	C:\Program Files\MATLAB\R2013a\bin\win32\tbb.dll
0x77f40000 - 0x77f6b000 	C:\Windows\system32\imagehlp.dll
0x741a0000 - 0x741c5000 	C:\Windows\system32\POWRPROF.dll
0x77a50000 - 0x77bed000 	C:\Windows\system32\SETUPAPI.dll
0x75f60000 - 0x75f87000 	C:\Windows\system32\CFGMGR32.dll
0x775c0000 - 0x7764f000 	C:\Windows\system32\OLEAUT32.dll
0x77740000 - 0x7789c000 	C:\Windows\system32\ole32.dll
0x75fe0000 - 0x75ff2000 	C:\Windows\system32\DEVOBJ.dll
0x00110000 - 0x00129000 	C:\Program Files\MATLAB\R2013a\bin\win32\libmwmfl_scalar.dll
0x735c0000 - 0x736ab000 	C:\Windows\system32\dbghelp.dll
0x02110000 - 0x023a6000 	C:\Program Files\MATLAB\R2013a\bin\win32\libmwservices.dll
0x7db50000 - 0x7dc0c000 	C:\Program Files\MATLAB\R2013a\bin\win32\libmx.dll
0x73b10000 - 0x73b28000 	C:\Program Files\MATLAB\R2013a\bin\win32\tbbmalloc.dll
0x734b0000 - 0x734c4000 	C:\Program Files\MATLAB\R2013a\bin\win32\zlib1.dll
0x00130000 - 0x0016d000 	C:\Program Files\MATLAB\R2013a\bin\win32\libmwregexp.dll
0x7df40000 - 0x7df78000 	C:\Program Files\MATLAB\R2013a\bin\win32\mpath.dll
0x72990000 - 0x72ea3000 	C:\Program Files\MATLAB\R2013a\bin\win32\mlutil.dll
0x7d670000 - 0x7d6d2000 	C:\Program Files\MATLAB\R2013a\bin\win32\xmlcore.dll
0x023b0000 - 0x02570000 	C:\Program Files\MATLAB\R2013a\bin\win32\xerces-c_2_7.dll
0x003e0000 - 0x003ff000 	C:\Program Files\MATLAB\R2013a\bin\win32\libmwMATLAB_settings_res.dll
0x73b40000 - 0x73b4d000 	C:\Program Files\MATLAB\R2013a\bin\win32\boost_iostreams-vc100-mt-1_49.dll
0x71e20000 - 0x71e5e000 	C:\Program Files\MATLAB\R2013a\bin\win32\boost_serialization-vc100-mt-1_49.dll
0x76840000 - 0x7748a000 	C:\Windows\system32\SHELL32.dll
0x77490000 - 0x774e7000 	C:\Windows\system32\SHLWAPI.dll
0x02570000 - 0x02575000 	C:\Program Files\MATLAB\R2013a\bin\win32\libmwnativedisplay.dll
0x71fa0000 - 0x72024000 	C:\Windows\WinSxS\x86_microsoft.windows.common-controls_6595b64144ccf1df_5.82.7601.18201_none_ec80f00e8593ece5\COMCTL32.dll
0x778a0000 - 0x7791b000 	C:\Windows\system32\COMDLG32.dll
0x745d0000 - 0x745e1000 	C:\Windows\system32\NETAPI32.dll
0x745c0000 - 0x745c9000 	C:\Windows\system32\netutils.dll
0x75bd0000 - 0x75be9000 	C:\Windows\system32\srvcli.dll
0x750a0000 - 0x750af000 	C:\Windows\system32\wkscli.dll
0x7f270000 - 0x7f2f7000 	C:\Program Files\MATLAB\R2013a\bin\win32\mcr.dll
0x02580000 - 0x0290e000 	C:\Program Files\MATLAB\R2013a\bin\win32\iqm.dll
0x7f630000 - 0x7f6b1000 	C:\Program Files\MATLAB\R2013a\bin\win32\m_dispatcher.dll
0x7b920000 - 0x7be74000 	C:\Program Files\MATLAB\R2013a\bin\win32\m_interpreter.dll
0x73dc0000 - 0x73ddc000 	C:\Program Files\MATLAB\R2013a\bin\win32\libmex.dll
0x7d8b0000 - 0x7d910000 	C:\Program Files\MATLAB\R2013a\bin\win32\profiler.dll
0x02910000 - 0x02b7c000 	C:\Program Files\MATLAB\R2013a\bin\win32\libmwmathutil.dll
0x734f0000 - 0x7350f000 	C:\Program Files\MATLAB\R2013a\bin\win32\libmwmathrng.dll
0x02b80000 - 0x02b8e000 	C:\Program Files\MATLAB\R2013a\bin\win32\libmwmfl_rng.dll
0x7c390000 - 0x7c43b000 	C:\Program Files\MATLAB\R2013a\bin\win32\libmwmathcore.dll
0x7e000000 - 0x7e048000 	C:\Program Files\MATLAB\R2013a\bin\win32\libmwspmatrix.dll
0x72390000 - 0x72540000 	C:\Program Files\MATLAB\R2013a\bin\win32\mcos.dll
0x02b90000 - 0x02bdb000 	C:\Program Files\MATLAB\R2013a\bin\win32\libmwcholmod.dll
0x73e70000 - 0x73e7a000 	C:\Program Files\MATLAB\R2013a\bin\win32\libmwamd.dll
0x02c00000 - 0x02ca3000 	C:\Windows\WinSxS\x86_microsoft.vc90.crt_1fc8b3b9a1e18e3b_9.0.30729.6161_none_50934f2ebcb7eb57\MSVCR90.dll
0x73e80000 - 0x73e8a000 	C:\Program Files\MATLAB\R2013a\bin\win32\libmwcolamd.dll
0x02cc0000 - 0x02ccb000 	C:\Program Files\MATLAB\R2013a\bin\win32\libmwblas.dll
0x73d30000 - 0x73d41000 	C:\Program Files\MATLAB\R2013a\bin\win32\libmwbinder.dll
0x73ea0000 - 0x73ea9000 	C:\Program Files\MATLAB\R2013a\bin\win32\libmwompwrapper.dll
0x73030000 - 0x73064000 	C:\Program Files\MATLAB\R2013a\bin\win32\libmwlapack.dll
0x73bf0000 - 0x73c07000 	C:\Program Files\MATLAB\R2013a\bin\win32\m_pcodeio.dll
0x7e080000 - 0x7e0c9000 	C:\Program Files\MATLAB\R2013a\bin\win32\m_ir.dll
0x70000000 - 0x70590000 	C:\Program Files\MATLAB\R2013a\bin\win32\m_parser.dll
0x02cd0000 - 0x02ce1000 	C:\Program Files\MATLAB\R2013a\bin\win32\ir_xfmr.dll
0x73e90000 - 0x73e9e000 	C:\Program Files\MATLAB\R2013a\bin\win32\mtok.dll
0x02cf0000 - 0x02d11000 	C:\Program Files\MATLAB\R2013a\bin\win32\m_pcodegen.dll
0x7e1c0000 - 0x7e1e7000 	C:\Program Files\MATLAB\R2013a\bin\win32\libmwbridge.dll
0x7f390000 - 0x7f421000 	C:\Program Files\MATLAB\R2013a\bin\win32\udd.dll
0x7e6f0000 - 0x7e808000 	C:\Program Files\MATLAB\R2013a\bin\win32\libmwgui.dll
0x73c10000 - 0x73c2d000 	C:\Program Files\MATLAB\R2013a\bin\win32\graphics_util.dll
0x02d20000 - 0x02dd2000 	C:\Program Files\MATLAB\R2013a\bin\win32\libtex_base.dll
0x02de0000 - 0x0352c000 	C:\Program Files\MATLAB\R2013a\bin\win32\hg.dll
0x03530000 - 0x03576000 	C:\Program Files\MATLAB\R2013a\bin\win32\libmat.dll
0x75d10000 - 0x75ef9000 	C:\Program Files\MATLAB\R2013a\bin\win32\hdf5dll.dll
0x7d9d0000 - 0x7da76000 	C:\Program Files\MATLAB\R2013a\bin\win32\jmi.dll
0x03590000 - 0x0359c000 	C:\Program Files\MATLAB\R2013a\bin\win32\nativejava_services.dll
0x035a0000 - 0x035d2000 	C:\Program Files\MATLAB\R2013a\bin\win32\libmwhardcopy.dll
0x7de70000 - 0x7deb8000 	C:\Program Files\MATLAB\R2013a\bin\win32\libuij.dll
0x035e0000 - 0x037b2000 	C:\Program Files\MATLAB\R2013a\bin\win32\hgdatatypes.dll
0x7d2e0000 - 0x7d39d000 	C:\Program Files\MATLAB\R2013a\bin\win32\hgutils.dll
0x037c0000 - 0x03848000 	C:\Program Files\MATLAB\R2013a\bin\win32\udd_mi.dll
0x03850000 - 0x0387d000 	C:\Program Files\MATLAB\R2013a\bin\win32\libmwgbtutils.dll
0x03880000 - 0x03890000 	C:\Program Files\MATLAB\R2013a\bin\win32\libmwgbt.dll
0x03890000 - 0x03b35000 	C:\Program Files\MATLAB\R2013a\bin\win32\uiw.dll
0x73ee0000 - 0x73ee8000 	C:\Program Files\MATLAB\R2013a\bin\win32\uinone.dll
0x03b40000 - 0x03b5e000 	C:\Program Files\MATLAB\R2013a\bin\win32\libmwnativefiledialogs.dll
0x03b60000 - 0x03b69000 	C:\Program Files\MATLAB\R2013a\bin\win32\libmwplatform_res.dll
0x73740000 - 0x73752000 	C:\Windows\system32\MPR.dll
0x03b70000 - 0x03fa8000 	C:\Program Files\MATLAB\R2013a\bin\win32\mfc100.dll
0x03fb0000 - 0x03fb5000 	C:\Windows\system32\MSIMG32.dll
0x74540000 - 0x74591000 	C:\Windows\system32\WINSPOOL.DRV
0x73710000 - 0x73726000 	C:\Program Files\MATLAB\R2013a\bin\win32\mwoles05.DLL
0x7dc40000 - 0x7dc93000 	C:\Program Files\MATLAB\R2013a\bin\win32\comcli.dll
0x71df0000 - 0x71e16000 	C:\Program Files\MATLAB\R2013a\bin\win32\ATL100.DLL
0x73e00000 - 0x73e0a000 	C:\Program Files\MATLAB\R2013a\bin\win32\mlautoregister.dll
0x03fc0000 - 0x040fc000 	C:\Program Files\MATLAB\R2013a\bin\win32\mvm.dll
0x760b0000 - 0x760cf000 	C:\Windows\system32\IMM32.DLL
0x774f0000 - 0x775bc000 	C:\Windows\system32\MSCTF.dll
0x74aa0000 - 0x74ae0000 	C:\Windows\system32\UxTheme.dll
0x74770000 - 0x74783000 	C:\Windows\system32\dwmapi.dll
0x73550000 - 0x7355d000 	C:\Program Files\MATLAB\R2013a\bin\win32\MFC100ENU.DLL
0x043a0000 - 0x043e2000 	C:\Program Files\MATLAB\R2013a\bin\win32\MVMLocal.dll
0x74b30000 - 0x74dbb000 	C:\Program Files\MATLAB\R2013a\sys\java\jre\win32\jre\bin\client\jvm.dll

VM Arguments:
jvm_args: -Xss512k -XX:PermSize=32m -Xms64m -XX:NewRatio=3 -XX:MaxPermSize=96m -Xmx128m -XX:MaxDirectMemorySize=1200000000 -Dsun.java2d.noddraw=true -Dsun.awt.nopixfmt=true -Xshare:off -Xrs -Dsun.awt.disableMixing=true -Djava.library.path=C:\Program Files\MATLAB\R2013a\bin\win32;C:\Program Files\MATLAB\R2013a\sys\jxbrowser\win32\lib vfprintf abort 
java_command: <unknown>
Launcher Type: generic

Environment Variables:
PATH=C:\Program Files\Common Files\Microsoft Shared\Windows Live;C:\Windows\system32;C:\Windows;C:\Windows\System32\Wbem;C:\Windows\System32\WindowsPowerShell\v1.0\;C:\Program Files\ThinkPad\Bluetooth Software\;C:\Program Files\Common Files\Lenovo;C:\Program Files\Common Files\Roxio Shared\10.0\DLLShared\;C:\Program Files\Lenovo\Access Connections\;C:\SWTOOLS\ReadyApps;C:\Program Files\Windows Live\Shared;C:\Users\anish\AppData\Local\Smartbar\Application\;C:\Program Files\MiKTeX 2.9\miktex\bin\;C:\Users\anish\AppData\Local\Smartbar\Application\;C:\Program Files\MATLAB\R2013a\runtime\win32;C:\Program Files\MATLAB\R2013a\bin;C:\Program Files\Java\jdk1.7.0\bin
USERNAME=anish
OS=Windows_NT
PROCESSOR_IDENTIFIER=x86 Family 6 Model 23 Stepping 10, GenuineIntel



---------------  S Y S T E M  ---------------

OS: Windows 7 Build 7601 Service Pack 1

CPU:total 2 (2 cores per cpu, 1 threads per core) family 6 model 23 stepping 10, cmov, cx8, fxsr, mmx, sse, sse2, sse3, ssse3, sse4.1

Memory: 4k page, physical 3104800k(723172k free), swap 4194303k(2632604k free)

vm_info: Java HotSpot(TM) Client VM (14.3-b01) for windows-x86 JRE (1.6.0_17-b04), built on Oct 11 2009 00:52:06 by "java_re" with MS VC++ 7.1

time: Tue Dec 17 20:12:33 2013
elapsed time: 230487 seconds

