#
# A fatal error has been detected by the Java Runtime Environment:
#
#  EXCEPTION_ACCESS_VIOLATION (0xc0000005) at pc=0x74c2c585, pid=7672, tid=4176
#
# JRE version: 6.0_17-b04
# Java VM: Java HotSpot(TM) Client VM (14.3-b01 mixed mode windows-x86 )
# Problematic frame:
# V  [jvm.dll+0xfc585]
#
# If you would like to submit a bug report, please visit:
#   http://java.sun.com/webapps/bugreport/crash.jsp
#

---------------  T H R E A D  ---------------

Current thread (0x1eba7800):  JavaThread "Code Analyzer updating thread" [_thread_in_vm, id=4176, stack(0x2a300000,0x2a380000)]

siginfo: ExceptionCode=0xc0000005, reading address 0x00000000

Registers:
EAX=0x00000000, EBX=0x1eba7910, ECX=0x1eba7800, EDX=0x74d467a4
ESP=0x2a37ef94, EBP=0x2a37efdc, ESI=0x1eba7800, EDI=0x00000000
EIP=0x74c2c585, EFLAGS=0x00010246

Top of Stack: (sp=0x2a37ef94)
0x2a37ef94:   1ea80b60 1eba7910 73f02fba 2a37f038
0x2a37efa4:   74d1dff0 74d1f2f0 ffffffff 2a37efc0
0x2a37efb4:   74b310e0 1eba7800 2a37fa54 2a37eff0
0x2a37efc4:   74c2f5b9 1eba7800 1eba7800 1ead004c
0x2a37efd4:   000004bb 74d467a4 2a37eff4 73f010fd
0x2a37efe4:   1eba7910 1ea80b60 00000000 2a37f008
0x2a37eff4:   2a37f878 73f02fea 1eba7910 1ea80b60
0x2a37f004:   00000000 00282dc7 2a37f86c 2a37f2a8 

Instructions: (pc=0x74c2c585)
0x74c2c575:   00 00 00 74 08 8d 4d f0 e8 3e 24 08 00 8b 7d 10
0x74c2c585:   8b 07 c7 45 e0 0c 00 00 00 8b 48 08 0f b7 51 26 


Stack: [0x2a300000,0x2a380000],  sp=0x2a37ef94,  free space=507k
Native frames: (J=compiled Java code, j=interpreted, Vv=VM code, C=native code)
V  [jvm.dll+0xfc585]
C  0x73f010fd
C  0x73f02fea
j  com.mathworks.widgets.text.mcode.MLint.nativeGetMessages(Ljava/lang/String;Ljava/lang/String;)Ljava/util/List;+0
j  com.mathworks.widgets.text.mcode.MLint.getMessages(Ljava/lang/String;Ljava/lang/String;Lcom/mathworks/widgets/text/mcode/MLintConfiguration;Z)Ljava/util/List;+67
j  com.mathworks.widgets.text.mcode.analyzer.CodeAnalyzerThread.doMLint()V+95
j  com.mathworks.widgets.text.mcode.analyzer.CodeAnalyzerThread.access$400(Lcom/mathworks/widgets/text/mcode/analyzer/CodeAnalyzerThread;)V+1
j  com.mathworks.widgets.text.mcode.analyzer.CodeAnalyzerThread$MLintRunnable.run()V+14
j  java.lang.Thread.run()V+11
v  ~StubRoutines::call_stub
V  [jvm.dll+0xecf9c]
V  [jvm.dll+0x1741d1]
V  [jvm.dll+0xed167]
V  [jvm.dll+0xed1dd]
V  [jvm.dll+0x116290]
V  [jvm.dll+0x1d0414]
V  [jvm.dll+0x173e4c]
C  0x7d919565
C  [kernel32.dll+0x4ed5c]
C  [ntdll.dll+0x637eb]
C  [ntdll.dll+0x637be]

Java frames: (J=compiled Java code, j=interpreted, Vv=VM code)
j  com.mathworks.widgets.text.mcode.MLint.nativeGetMessages(Ljava/lang/String;Ljava/lang/String;)Ljava/util/List;+0
j  com.mathworks.widgets.text.mcode.MLint.getMessages(Ljava/lang/String;Ljava/lang/String;Lcom/mathworks/widgets/text/mcode/MLintConfiguration;Z)Ljava/util/List;+67
j  com.mathworks.widgets.text.mcode.analyzer.CodeAnalyzerThread.doMLint()V+95
j  com.mathworks.widgets.text.mcode.analyzer.CodeAnalyzerThread.access$400(Lcom/mathworks/widgets/text/mcode/analyzer/CodeAnalyzerThread;)V+1
j  com.mathworks.widgets.text.mcode.analyzer.CodeAnalyzerThread$MLintRunnable.run()V+14
j  java.lang.Thread.run()V+11
v  ~StubRoutines::call_stub

---------------  P R O C E S S  ---------------

Java Threads: ( => current thread )
=>0x1eba7800 JavaThread "Code Analyzer updating thread" [_thread_in_vm, id=4176, stack(0x2a300000,0x2a380000)]
  0x1eba9400 JavaThread "Code Analyzer updating thread" [_thread_blocked, id=7940, stack(0x2a280000,0x2a300000)]
  0x1ebaa800 JavaThread "Code Analyzer updating thread" [_thread_blocked, id=6132, stack(0x28280000,0x28300000)]
  0x1eba7c00 JavaThread "Code Analyzer updating thread" [_thread_blocked, id=5284, stack(0x267a0000,0x26820000)]
  0x1eba8400 JavaThread "Code Analyzer updating thread" [_thread_blocked, id=6432, stack(0x26320000,0x263a0000)]
  0x1eba9000 JavaThread "Code Analyzer updating thread" [_thread_blocked, id=5076, stack(0x26820000,0x268a0000)]
  0x1e5fcc00 JavaThread "Explorer NavigationContext request queue" daemon [_thread_blocked, id=6616, stack(0x20160000,0x201e0000)]
  0x1e5fa800 JavaThread "Prefs Updater" daemon [_thread_blocked, id=7652, stack(0x2a200000,0x2a280000)]
  0x1ea7cc00 JavaThread "Foxtrot Single Worker Thread #1" daemon [_thread_blocked, id=5352, stack(0x20260000,0x202e0000)]
  0x1ea7c800 JavaThread "pool-2-thread-1" [_thread_blocked, id=6772, stack(0x200e0000,0x20160000)]
  0x1ea7bc00 JavaThread "pool-7-thread-1" [_thread_blocked, id=6524, stack(0x1f310000,0x1f390000)]
  0x1ec4e800 JavaThread "pool-1-thread-1" [_thread_blocked, id=788, stack(0x1f250000,0x1f2d0000)]
  0x1ec4d800 JavaThread "XPCOMThread" [_thread_in_native, id=6464, stack(0x2b270000,0x2ba70000)]
  0x1ec4dc00 JavaThread "Browser Events Thread" daemon [_thread_blocked, id=1388, stack(0x263a0000,0x26420000)]
  0x1e5fb800 JavaThread "com.jniwrapper.NativeResourceCollector" daemon [_thread_blocked, id=8064, stack(0x1fe10000,0x1fe90000)]
  0x1e5f7c00 JavaThread "XPCOM" daemon [_thread_in_native, id=7952, stack(0x1fc90000,0x1fd10000)]
  0x1ea7c000 JavaThread "Swing-Shell" daemon [_thread_blocked, id=6648, stack(0x1ffa0000,0x20020000)]
  0x1e5ff000 JavaThread "Active Reference Queue Daemon" daemon [_thread_blocked, id=5400, stack(0x26520000,0x265a0000)]
  0x1e5fe800 JavaThread "Timer-1" daemon [_thread_blocked, id=1304, stack(0x264a0000,0x26520000)]
  0x1e5fe400 JavaThread "ClipboardMonitor Timer" daemon [_thread_blocked, id=3928, stack(0x26420000,0x264a0000)]
  0x1e5fc400 JavaThread "AddressBar directory emptiness poller" daemon [_thread_blocked, id=5016, stack(0x25e10000,0x25e90000)]
  0x1e5fc000 JavaThread "Explorer Refresh Service 16672519" daemon [_thread_blocked, id=6544, stack(0x25d90000,0x25e10000)]
  0x1e5fb400 JavaThread "Thread-4" daemon [_thread_blocked, id=8116, stack(0x1f060000,0x1f0e0000)]
  0x1e5fac00 JavaThread "TimerQueue" daemon [_thread_blocked, id=8024, stack(0x20a10000,0x20a90000)]
  0x1e5fa000 JavaThread "Thread-3" daemon [_thread_blocked, id=8012, stack(0x1efe0000,0x1f060000)]
  0x1e5f9c00 JavaThread "AWT-EventQueue-0" [_thread_blocked, id=8008, stack(0x0fd30000,0x0fdb0000)]
  0x1e5f9400 JavaThread "AWT-Shutdown" [_thread_blocked, id=8004, stack(0x0fb30000,0x0fbb0000)]
  0x1e5f9000 JavaThread "FelixPackageAdmin" daemon [_thread_blocked, id=7976, stack(0x0ff30000,0x0ffb0000)]
  0x1e5f8800 JavaThread "FelixStartLevel" daemon [_thread_blocked, id=7972, stack(0x0fe70000,0x0fef0000)]
  0x1e5f8400 JavaThread "FelixDispatchQueue" daemon [_thread_blocked, id=7968, stack(0x0fdb0000,0x0fe30000)]
  0x1e4cbc00 JavaThread "com.google.common.base.internal.Finalizer" daemon [_thread_blocked, id=7908, stack(0x0fcb0000,0x0fd30000)]
  0x1e3fb400 JavaThread "AWT-Windows" daemon [_thread_blocked, id=7900, stack(0x0f9b0000,0x0fa30000)]
  0x1e49e400 JavaThread "Java2D Disposer" daemon [_thread_blocked, id=7892, stack(0x0f8b0000,0x0f930000)]
  0x06db6000 JavaThread "Timer-0" [_thread_blocked, id=7884, stack(0x0f770000,0x0f7f0000)]
  0x0edd4800 JavaThread "EventMgr Dispatcher" daemon [_thread_in_native, id=7872, stack(0x0eea0000,0x0f6a0000)]
  0x06e5a400 JavaThread "Low Memory Detector" daemon [_thread_blocked, id=7820, stack(0x0d6d0000,0x0d750000)]
  0x06e59000 JavaThread "CompilerThread0" daemon [_thread_blocked, id=7816, stack(0x0ced0000,0x0d6d0000)]
  0x06e4e800 JavaThread "Attach Listener" daemon [_thread_blocked, id=7812, stack(0x0ce50000,0x0ced0000)]
  0x06e17400 JavaThread "Finalizer" daemon [_thread_blocked, id=7800, stack(0x09840000,0x098c0000)]
  0x06e16000 JavaThread "Reference Handler" daemon [_thread_blocked, id=7796, stack(0x097c0000,0x09840000)]
  0x06d98800 JavaThread "main" [_thread_blocked, id=7676, stack(0x00430000,0x00c30000)]

Other Threads:
  0x06e11800 VMThread [stack: 0x0c650000,0x0ce50000] [id=7792]
  0x06e63c00 WatcherThread [stack: 0x0d750000,0x0df50000] [id=7824]

VM state:synchronizing (normal execution)

VM Mutex/Monitor currently owned by a thread:  ([mutex/lock_event])
[0x05afe0c8] Threads_lock - owner thread: 0x06e11800

Heap
 def new generation   total 29504K, used 11783K [0x10010000, 0x12010000, 0x12010000)
  eden space 26240K,  41% used [0x10010000, 0x10abee08, 0x119b0000)
  from space 3264K,  25% used [0x11ce0000, 0x11db2ff8, 0x12010000)
  to   space 3264K,   0% used [0x119b0000, 0x119b0000, 0x11ce0000)
 tenured generation   total 98304K, used 71379K [0x12010000, 0x18010000, 0x18010000)
   the space 98304K,  72% used [0x12010000, 0x165c4fc8, 0x165c5000, 0x18010000)
 compacting perm gen  total 50432K, used 50292K [0x18010000, 0x1b150000, 0x1e010000)
   the space 50432K,  99% used [0x18010000, 0x1b12d040, 0x1b12d200, 0x1b150000)
No shared spaces configured.

Dynamic libraries:
0x00400000 - 0x00425000 	C:\Program Files\MATLAB\R2013a\bin\win32\MATLAB.exe
0x77d40000 - 0x77e7c000 	C:\Windows\SYSTEM32\ntdll.dll
0x760e0000 - 0x761b4000 	C:\Windows\system32\kernel32.dll
0x75f90000 - 0x75fdb000 	C:\Windows\system32\KERNELBASE.dll
0x7ef10000 - 0x7efa1000 	C:\Program Files\MATLAB\R2013a\bin\win32\libut.dll
0x7dce0000 - 0x7dd75000 	C:\Program Files\MATLAB\R2013a\bin\win32\libmwi18n.dll
0x10000000 - 0x1000b000 	C:\Program Files\MATLAB\R2013a\bin\win32\libmwresource_core.dll
0x000e0000 - 0x00149000 	C:\Program Files\MATLAB\R2013a\bin\win32\MSVCP100.dll
0x00280000 - 0x0033f000 	C:\Program Files\MATLAB\R2013a\bin\win32\MSVCR100.dll
0x74de0000 - 0x74dec000 	C:\Program Files\MATLAB\R2013a\bin\win32\boost_date_time-vc100-mt-1_49.dll
0x00150000 - 0x00175000 	C:\Program Files\MATLAB\R2013a\bin\win32\boost_filesystem-vc100-mt-1_49.dll
0x74dd0000 - 0x74dd7000 	C:\Program Files\MATLAB\R2013a\bin\win32\boost_system-vc100-mt-1_49.dll
0x776a0000 - 0x77740000 	C:\Windows\system32\ADVAPI32.dll
0x76210000 - 0x762bc000 	C:\Windows\system32\msvcrt.dll
0x766c0000 - 0x766d9000 	C:\Windows\SYSTEM32\sechost.dll
0x77bf0000 - 0x77c92000 	C:\Windows\system32\RPCRT4.dll
0x00340000 - 0x00361000 	C:\Program Files\MATLAB\R2013a\bin\win32\LIBEXPAT.dll
0x72eb0000 - 0x72ff9000 	C:\Program Files\MATLAB\R2013a\bin\win32\icuin49.dll
0x7ea10000 - 0x7eb17000 	C:\Program Files\MATLAB\R2013a\bin\win32\icuuc49.dll
0x00c30000 - 0x01d52000 	C:\Program Files\MATLAB\R2013a\bin\win32\icudt49.dll
0x73db0000 - 0x73dbd000 	C:\Program Files\MATLAB\R2013a\bin\win32\icuio49.dll
0x01d60000 - 0x01eb3000 	C:\Program Files\MATLAB\R2013a\bin\win32\libmwfl.dll
0x01ec0000 - 0x021e3000 	C:\Program Files\MATLAB\R2013a\bin\win32\libmwMATLAB_res.dll
0x021f0000 - 0x022a4000 	C:\Program Files\MATLAB\R2013a\bin\win32\boost_regex-vc100-mt-1_49.dll
0x76770000 - 0x76839000 	C:\Windows\system32\USER32.dll
0x761c0000 - 0x7620e000 	C:\Windows\system32\GDI32.dll
0x760d0000 - 0x760da000 	C:\Windows\system32\LPK.dll
0x77ca0000 - 0x77d3d000 	C:\Windows\system32\USP10.dll
0x003a0000 - 0x003ae000 	C:\Program Files\MATLAB\R2013a\bin\win32\boost_signals-vc100-mt-1_49.dll
0x003b0000 - 0x003be000 	C:\Program Files\MATLAB\R2013a\bin\win32\boost_thread-vc100-mt-1_49.dll
0x022b0000 - 0x02324000 	C:\Program Files\MATLAB\R2013a\bin\win32\boost_log-vc100-mt-1_49.dll
0x77ef0000 - 0x77ef5000 	C:\Windows\system32\PSAPI.DLL
0x77f00000 - 0x77f35000 	C:\Windows\system32\WS2_32.dll
0x762c0000 - 0x762c6000 	C:\Windows\system32\NSI.dll
0x003c0000 - 0x003e8000 	C:\Program Files\MATLAB\R2013a\bin\win32\tbb.dll
0x77f40000 - 0x77f6b000 	C:\Windows\system32\imagehlp.dll
0x741a0000 - 0x741c5000 	C:\Windows\system32\POWRPROF.dll
0x77a50000 - 0x77bed000 	C:\Windows\system32\SETUPAPI.dll
0x75f60000 - 0x75f87000 	C:\Windows\system32\CFGMGR32.dll
0x775c0000 - 0x7764f000 	C:\Windows\system32\OLEAUT32.dll
0x77740000 - 0x7789c000 	C:\Windows\system32\ole32.dll
0x75fe0000 - 0x75ff2000 	C:\Windows\system32\DEVOBJ.dll
0x02330000 - 0x02349000 	C:\Program Files\MATLAB\R2013a\bin\win32\libmwmfl_scalar.dll
0x735c0000 - 0x736ab000 	C:\Windows\system32\dbghelp.dll
0x02350000 - 0x025e6000 	C:\Program Files\MATLAB\R2013a\bin\win32\libmwservices.dll
0x7db50000 - 0x7dc0c000 	C:\Program Files\MATLAB\R2013a\bin\win32\libmx.dll
0x025f0000 - 0x02608000 	C:\Program Files\MATLAB\R2013a\bin\win32\tbbmalloc.dll
0x02610000 - 0x02624000 	C:\Program Files\MATLAB\R2013a\bin\win32\zlib1.dll
0x02630000 - 0x0266d000 	C:\Program Files\MATLAB\R2013a\bin\win32\libmwregexp.dll
0x7df40000 - 0x7df78000 	C:\Program Files\MATLAB\R2013a\bin\win32\mpath.dll
0x72990000 - 0x72ea3000 	C:\Program Files\MATLAB\R2013a\bin\win32\mlutil.dll
0x7d670000 - 0x7d6d2000 	C:\Program Files\MATLAB\R2013a\bin\win32\xmlcore.dll
0x02670000 - 0x02830000 	C:\Program Files\MATLAB\R2013a\bin\win32\xerces-c_2_7.dll
0x02830000 - 0x0284f000 	C:\Program Files\MATLAB\R2013a\bin\win32\libmwMATLAB_settings_res.dll
0x02850000 - 0x0285d000 	C:\Program Files\MATLAB\R2013a\bin\win32\boost_iostreams-vc100-mt-1_49.dll
0x02860000 - 0x0289e000 	C:\Program Files\MATLAB\R2013a\bin\win32\boost_serialization-vc100-mt-1_49.dll
0x76840000 - 0x7748a000 	C:\Windows\system32\SHELL32.dll
0x77490000 - 0x774e7000 	C:\Windows\system32\SHLWAPI.dll
0x028a0000 - 0x028a5000 	C:\Program Files\MATLAB\R2013a\bin\win32\libmwnativedisplay.dll
0x71fa0000 - 0x72024000 	C:\Windows\WinSxS\x86_microsoft.windows.common-controls_6595b64144ccf1df_5.82.7601.18201_none_ec80f00e8593ece5\COMCTL32.dll
0x778a0000 - 0x7791b000 	C:\Windows\system32\COMDLG32.dll
0x745d0000 - 0x745e1000 	C:\Windows\system32\NETAPI32.dll
0x745c0000 - 0x745c9000 	C:\Windows\system32\netutils.dll
0x75bd0000 - 0x75be9000 	C:\Windows\system32\srvcli.dll
0x750a0000 - 0x750af000 	C:\Windows\system32\wkscli.dll
0x7f270000 - 0x7f2f7000 	C:\Program Files\MATLAB\R2013a\bin\win32\mcr.dll
0x028b0000 - 0x02c3e000 	C:\Program Files\MATLAB\R2013a\bin\win32\iqm.dll
0x7f630000 - 0x7f6b1000 	C:\Program Files\MATLAB\R2013a\bin\win32\m_dispatcher.dll
0x7b920000 - 0x7be74000 	C:\Program Files\MATLAB\R2013a\bin\win32\m_interpreter.dll
0x73dc0000 - 0x73ddc000 	C:\Program Files\MATLAB\R2013a\bin\win32\libmex.dll
0x7d8b0000 - 0x7d910000 	C:\Program Files\MATLAB\R2013a\bin\win32\profiler.dll
0x02c40000 - 0x02eac000 	C:\Program Files\MATLAB\R2013a\bin\win32\libmwmathutil.dll
0x734f0000 - 0x7350f000 	C:\Program Files\MATLAB\R2013a\bin\win32\libmwmathrng.dll
0x02eb0000 - 0x02ebe000 	C:\Program Files\MATLAB\R2013a\bin\win32\libmwmfl_rng.dll
0x7c390000 - 0x7c43b000 	C:\Program Files\MATLAB\R2013a\bin\win32\libmwmathcore.dll
0x7e000000 - 0x7e048000 	C:\Program Files\MATLAB\R2013a\bin\win32\libmwspmatrix.dll
0x72390000 - 0x72540000 	C:\Program Files\MATLAB\R2013a\bin\win32\mcos.dll
0x02ec0000 - 0x02f0b000 	C:\Program Files\MATLAB\R2013a\bin\win32\libmwcholmod.dll
0x73e70000 - 0x73e7a000 	C:\Program Files\MATLAB\R2013a\bin\win32\libmwamd.dll
0x02f30000 - 0x02fd3000 	C:\Windows\WinSxS\x86_microsoft.vc90.crt_1fc8b3b9a1e18e3b_9.0.30729.6161_none_50934f2ebcb7eb57\MSVCR90.dll
0x73e80000 - 0x73e8a000 	C:\Program Files\MATLAB\R2013a\bin\win32\libmwcolamd.dll
0x02ff0000 - 0x02ffb000 	C:\Program Files\MATLAB\R2013a\bin\win32\libmwblas.dll
0x73d30000 - 0x73d41000 	C:\Program Files\MATLAB\R2013a\bin\win32\libmwbinder.dll
0x73ea0000 - 0x73ea9000 	C:\Program Files\MATLAB\R2013a\bin\win32\libmwompwrapper.dll
0x73030000 - 0x73064000 	C:\Program Files\MATLAB\R2013a\bin\win32\libmwlapack.dll
0x73bf0000 - 0x73c07000 	C:\Program Files\MATLAB\R2013a\bin\win32\m_pcodeio.dll
0x7e080000 - 0x7e0c9000 	C:\Program Files\MATLAB\R2013a\bin\win32\m_ir.dll
0x70000000 - 0x70590000 	C:\Program Files\MATLAB\R2013a\bin\win32\m_parser.dll
0x03000000 - 0x03011000 	C:\Program Files\MATLAB\R2013a\bin\win32\ir_xfmr.dll
0x73e90000 - 0x73e9e000 	C:\Program Files\MATLAB\R2013a\bin\win32\mtok.dll
0x03020000 - 0x03041000 	C:\Program Files\MATLAB\R2013a\bin\win32\m_pcodegen.dll
0x7e1c0000 - 0x7e1e7000 	C:\Program Files\MATLAB\R2013a\bin\win32\libmwbridge.dll
0x7f390000 - 0x7f421000 	C:\Program Files\MATLAB\R2013a\bin\win32\udd.dll
0x7e6f0000 - 0x7e808000 	C:\Program Files\MATLAB\R2013a\bin\win32\libmwgui.dll
0x73c10000 - 0x73c2d000 	C:\Program Files\MATLAB\R2013a\bin\win32\graphics_util.dll
0x03050000 - 0x03102000 	C:\Program Files\MATLAB\R2013a\bin\win32\libtex_base.dll
0x03110000 - 0x0385c000 	C:\Program Files\MATLAB\R2013a\bin\win32\hg.dll
0x03860000 - 0x038a6000 	C:\Program Files\MATLAB\R2013a\bin\win32\libmat.dll
0x75d10000 - 0x75ef9000 	C:\Program Files\MATLAB\R2013a\bin\win32\hdf5dll.dll
0x7d9d0000 - 0x7da76000 	C:\Program Files\MATLAB\R2013a\bin\win32\jmi.dll
0x038c0000 - 0x038cc000 	C:\Program Files\MATLAB\R2013a\bin\win32\nativejava_services.dll
0x732b0000 - 0x732e2000 	C:\Program Files\MATLAB\R2013a\bin\win32\libmwhardcopy.dll
0x7de70000 - 0x7deb8000 	C:\Program Files\MATLAB\R2013a\bin\win32\libuij.dll
0x038d0000 - 0x03aa2000 	C:\Program Files\MATLAB\R2013a\bin\win32\hgdatatypes.dll
0x7d2e0000 - 0x7d39d000 	C:\Program Files\MATLAB\R2013a\bin\win32\hgutils.dll
0x03ab0000 - 0x03b38000 	C:\Program Files\MATLAB\R2013a\bin\win32\udd_mi.dll
0x03b40000 - 0x03b6d000 	C:\Program Files\MATLAB\R2013a\bin\win32\libmwgbtutils.dll
0x03b70000 - 0x03b80000 	C:\Program Files\MATLAB\R2013a\bin\win32\libmwgbt.dll
0x03b80000 - 0x03e25000 	C:\Program Files\MATLAB\R2013a\bin\win32\uiw.dll
0x73ee0000 - 0x73ee8000 	C:\Program Files\MATLAB\R2013a\bin\win32\uinone.dll
0x03e30000 - 0x03e4e000 	C:\Program Files\MATLAB\R2013a\bin\win32\libmwnativefiledialogs.dll
0x03e50000 - 0x03e59000 	C:\Program Files\MATLAB\R2013a\bin\win32\libmwplatform_res.dll
0x73740000 - 0x73752000 	C:\Windows\system32\MPR.dll
0x03e60000 - 0x04298000 	C:\Program Files\MATLAB\R2013a\bin\win32\mfc100.dll
0x042a0000 - 0x042a5000 	C:\Windows\system32\MSIMG32.dll
0x74540000 - 0x74591000 	C:\Windows\system32\WINSPOOL.DRV
0x73710000 - 0x73726000 	C:\Program Files\MATLAB\R2013a\bin\win32\mwoles05.DLL
0x7dc40000 - 0x7dc93000 	C:\Program Files\MATLAB\R2013a\bin\win32\comcli.dll
0x042b0000 - 0x042d6000 	C:\Program Files\MATLAB\R2013a\bin\win32\ATL100.DLL
0x73e00000 - 0x73e0a000 	C:\Program Files\MATLAB\R2013a\bin\win32\mlautoregister.dll
0x042e0000 - 0x0441c000 	C:\Program Files\MATLAB\R2013a\bin\win32\mvm.dll
0x760b0000 - 0x760cf000 	C:\Windows\system32\IMM32.DLL
0x774f0000 - 0x775bc000 	C:\Windows\system32\MSCTF.dll
0x74aa0000 - 0x74ae0000 	C:\Windows\system32\UxTheme.dll
0x74770000 - 0x74783000 	C:\Windows\system32\dwmapi.dll
0x04550000 - 0x0455d000 	C:\Program Files\MATLAB\R2013a\bin\win32\MFC100ENU.DLL
0x053c0000 - 0x05402000 	C:\Program Files\MATLAB\R2013a\bin\win32\MVMLocal.dll
0x74b30000 - 0x74dbb000 	C:\Program Files\MATLAB\R2013a\sys\java\jre\win32\jre\bin\client\jvm.dll

VM Arguments:
jvm_args: -Xss512k -XX:PermSize=32m -Xms64m -XX:NewRatio=3 -XX:MaxPermSize=96m -Xmx128m -XX:MaxDirectMemorySize=1200000000 -Dsun.java2d.noddraw=true -Dsun.awt.nopixfmt=true -Xshare:off -Xrs -Dsun.awt.disableMixing=true -Djava.library.path=C:\Program Files\MATLAB\R2013a\bin\win32;C:\Program Files\MATLAB\R2013a\sys\jxbrowser\win32\lib vfprintf abort 
java_command: <unknown>
Launcher Type: generic

Environment Variables:
PATH=C:\Program Files\Common Files\Microsoft Shared\Windows Live;C:\Windows\system32;C:\Windows;C:\Windows\System32\Wbem;C:\Windows\System32\WindowsPowerShell\v1.0\;C:\Program Files\ThinkPad\Bluetooth Software\;C:\Program Files\Common Files\Lenovo;C:\Program Files\Common Files\Roxio Shared\10.0\DLLShared\;C:\Program Files\Lenovo\Access Connections\;C:\SWTOOLS\ReadyApps;C:\Program Files\Windows Live\Shared;C:\Users\anish\AppData\Local\Smartbar\Application\;C:\Program Files\MiKTeX 2.9\miktex\bin\;C:\Users\anish\AppData\Local\Smartbar\Application\;C:\Program Files\MATLAB\R2013a\runtime\win32;C:\Program Files\MATLAB\R2013a\bin;C:\Program Files\Java\jdk1.7.0\bin
USERNAME=anish
OS=Windows_NT
PROCESSOR_IDENTIFIER=x86 Family 6 Model 23 Stepping 10, GenuineIntel



---------------  S Y S T E M  ---------------

OS: Windows 7 Build 7601 Service Pack 1

CPU:total 2 (2 cores per cpu, 1 threads per core) family 6 model 23 stepping 10, cmov, cx8, fxsr, mmx, sse, sse2, sse3, ssse3, sse4.1

Memory: 4k page, physical 3104800k(642220k free), swap 4194303k(2616272k free)

vm_info: Java HotSpot(TM) Client VM (14.3-b01) for windows-x86 JRE (1.6.0_17-b04), built on Oct 11 2009 00:52:06 by "java_re" with MS VC++ 7.1

time: Sun Dec 15 05:17:57 2013
elapsed time: 92410 seconds

